<?xml version="1.0" encoding="UTF-8"?>
<testng-results skipped="0" failed="0" total="0" passed="0">
  <reporter-output>
  </reporter-output>
  <suite name="com.mavenTestNG.TestNGArtifact.AppTest" duration-ms="3" started-at="2019-04-09T00:33:09Z" finished-at="2019-04-09T00:33:09Z">
    <groups>
    </groups>
    <test name="Command line test" duration-ms="3" started-at="2019-04-09T00:33:09Z" finished-at="2019-04-09T00:33:09Z">
    </test> <!-- Command line test -->
  </suite> <!-- com.mavenTestNG.TestNGArtifact.AppTest -->
</testng-results>
